<?xml version="1.0" encoding="UTF-8"?>
<testsuite name="ClientTest" tests="6" skipped="0" failures="0" errors="0" timestamp="2017-05-05T10:08:14" hostname="alex-Lenovo-ideapad-110-15IBR" time="0.861">
  <properties/>
  <testcase name="equals_returnsTrueIfDescriptionsAretheSame" classname="ClientTest" time="0.345"/>
  <testcase name="save_returnsTrueIfDescriptionsAretheSame" classname="ClientTest" time="0.169"/>
  <testcase name="getId_clientInstantiateWithAnID" classname="ClientTest" time="0.046"/>
  <testcase name="all_returnsAllInstancesOfClient_true" classname="ClientTest" time="0.09"/>
  <testcase name="save_assignsIdToObject" classname="ClientTest" time="0.075"/>
  <testcase name="find_returnsClientWithSameId_secondClient" classname="ClientTest" time="0.133"/>
  <system-out><![CDATA[]]></system-out>
  <system-err><![CDATA[]]></system-err>
</testsuite>
