<?xml version="1.0" encoding="UTF-8"?>
<testsuite name="StylistTest" tests="7" skipped="0" failures="0" errors="0" timestamp="2017-05-05T15:45:36" hostname="alex-Lenovo-ideapad-110-15IBR" time="0.692">
  <properties/>
  <testcase name="equals_returnsTrueIfDescriptionsAretheSame" classname="StylistTest" time="0.031"/>
  <testcase name="getId_stylistsInstantiateWithAnId_1" classname="StylistTest" time="0.057"/>
  <testcase name="all_returnsAllInstancesOfStylist_true" classname="StylistTest" time="0.135"/>
  <testcase name="find_returnsStylistWithSameId_secondStylist" classname="StylistTest" time="0.105"/>
  <testcase name="save_savesIntoDatabase_true" classname="StylistTest" time="0.06"/>
  <testcase name="save_assignsIdToObject" classname="StylistTest" time="0.161"/>
  <testcase name="getClients_retrievesALlClientsFromDatabase_clientsList" classname="StylistTest" time="0.134"/>
  <system-out><![CDATA[]]></system-out>
  <system-err><![CDATA[]]></system-err>
</testsuite>
